{"F:\\Virtualbox\\weko_share_data\\github\\weko-react\\app-facet-search\\src\\App.js": {"path":"F:\\Virtualbox\\weko_share_data\\github\\weko-react\\app-facet-search\\src\\App.js","statementMap":{"0":{"start":{"line":9,"column":15},"end":{"line":9,"column":17}},"1":{"start":{"line":10,"column":13},"end":{"line":10,"column":71}},"2":{"start":{"line":11,"column":0},"end":{"line":13,"column":1}},"3":{"start":{"line":11,"column":13},"end":{"line":11,"column":14}},"4":{"start":{"line":12,"column":2},"end":{"line":12,"column":41}},"5":{"start":{"line":19,"column":4},"end":{"line":19,"column":17}},"6":{"start":{"line":20,"column":4},"end":{"line":28,"column":6}},"7":{"start":{"line":29,"column":4},"end":{"line":29,"column":61}},"8":{"start":{"line":30,"column":4},"end":{"line":30,"column":71}},"9":{"start":{"line":31,"column":4},"end":{"line":31,"column":51}},"10":{"start":{"line":32,"column":4},"end":{"line":32,"column":32}},"11":{"start":{"line":36,"column":19},"end":{"line":36,"column":21}},"12":{"start":{"line":37,"column":19},"end":{"line":37,"column":21}},"13":{"start":{"line":38,"column":20},"end":{"line":38,"column":22}},"14":{"start":{"line":39,"column":20},"end":{"line":39,"column":22}},"15":{"start":{"line":40,"column":27},"end":{"line":40,"column":29}},"16":{"start":{"line":41,"column":4},"end":{"line":57,"column":9}},"17":{"start":{"line":42,"column":19},"end":{"line":42,"column":27}},"18":{"start":{"line":44,"column":8},"end":{"line":50,"column":9}},"19":{"start":{"line":45,"column":10},"end":{"line":45,"column":42}},"20":{"start":{"line":46,"column":10},"end":{"line":46,"column":41}},"21":{"start":{"line":47,"column":10},"end":{"line":47,"column":44}},"22":{"start":{"line":48,"column":10},"end":{"line":48,"column":44}},"23":{"start":{"line":49,"column":10},"end":{"line":49,"column":58}},"24":{"start":{"line":51,"column":8},"end":{"line":51,"column":48}},"25":{"start":{"line":52,"column":8},"end":{"line":52,"column":48}},"26":{"start":{"line":53,"column":8},"end":{"line":53,"column":50}},"27":{"start":{"line":54,"column":8},"end":{"line":54,"column":50}},"28":{"start":{"line":55,"column":8},"end":{"line":55,"column":64}},"29":{"start":{"line":56,"column":8},"end":{"line":56,"column":43}},"30":{"start":{"line":62,"column":17},"end":{"line":62,"column":60}},"31":{"start":{"line":64,"column":14},"end":{"line":64,"column":78}},"32":{"start":{"line":65,"column":4},"end":{"line":78,"column":9}},"33":{"start":{"line":66,"column":19},"end":{"line":66,"column":27}},"34":{"start":{"line":68,"column":8},"end":{"line":77,"column":9}},"35":{"start":{"line":71,"column":29},"end":{"line":72,"column":53}},"36":{"start":{"line":73,"column":10},"end":{"line":73,"column":41}},"37":{"start":{"line":76,"column":10},"end":{"line":76,"column":76}},"38":{"start":{"line":82,"column":21},"end":{"line":82,"column":23}},"39":{"start":{"line":83,"column":4},"end":{"line":126,"column":5}},"40":{"start":{"line":84,"column":6},"end":{"line":125,"column":9}},"41":{"start":{"line":85,"column":18},"end":{"line":85,"column":66}},"42":{"start":{"line":86,"column":25},"end":{"line":86,"column":75}},"43":{"start":{"line":87,"column":8},"end":{"line":87,"column":65}},"44":{"start":{"line":88,"column":8},"end":{"line":124,"column":9}},"45":{"start":{"line":89,"column":10},"end":{"line":89,"column":57}},"46":{"start":{"line":90,"column":10},"end":{"line":90,"column":27}},"47":{"start":{"line":91,"column":10},"end":{"line":91,"column":33}},"48":{"start":{"line":93,"column":10},"end":{"line":109,"column":11}},"49":{"start":{"line":94,"column":19},"end":{"line":94,"column":55}},"50":{"start":{"line":95,"column":19},"end":{"line":95,"column":51}},"51":{"start":{"line":96,"column":21},"end":{"line":96,"column":37}},"52":{"start":{"line":97,"column":11},"end":{"line":108,"column":12}},"53":{"start":{"line":97,"column":24},"end":{"line":97,"column":25}},"54":{"start":{"line":98,"column":21},"end":{"line":98,"column":35}},"55":{"start":{"line":99,"column":14},"end":{"line":107,"column":14}},"56":{"start":{"line":101,"column":14},"end":{"line":101,"column":51}},"57":{"start":{"line":102,"column":14},"end":{"line":102,"column":18}},"58":{"start":{"line":103,"column":20},"end":{"line":107,"column":14}},"59":{"start":{"line":105,"column":14},"end":{"line":105,"column":51}},"60":{"start":{"line":106,"column":14},"end":{"line":106,"column":18}},"61":{"start":{"line":110,"column":10},"end":{"line":122,"column":11}},"62":{"start":{"line":111,"column":21},"end":{"line":111,"column":37}},"63":{"start":{"line":113,"column":11},"end":{"line":121,"column":12}},"64":{"start":{"line":113,"column":24},"end":{"line":113,"column":25}},"65":{"start":{"line":114,"column":21},"end":{"line":114,"column":35}},"66":{"start":{"line":116,"column":13},"end":{"line":120,"column":14}},"67":{"start":{"line":118,"column":16},"end":{"line":118,"column":53}},"68":{"start":{"line":119,"column":16},"end":{"line":119,"column":20}},"69":{"start":{"line":127,"column":4},"end":{"line":127,"column":44}},"70":{"start":{"line":128,"column":4},"end":{"line":132,"column":7}},"71":{"start":{"line":129,"column":6},"end":{"line":131,"column":7}},"72":{"start":{"line":130,"column":8},"end":{"line":130,"column":66}},"73":{"start":{"line":137,"column":4},"end":{"line":137,"column":28}},"74":{"start":{"line":138,"column":4},"end":{"line":138,"column":33}},"75":{"start":{"line":142,"column":107},"end":{"line":142,"column":117}},"76":{"start":{"line":143,"column":4},"end":{"line":161,"column":6}},"77":{"start":{"line":148,"column":27},"end":{"line":148,"column":44}},"78":{"start":{"line":149,"column":27},"end":{"line":149,"column":43}},"79":{"start":{"line":150,"column":31},"end":{"line":150,"column":47}},"80":{"start":{"line":151,"column":29},"end":{"line":151,"column":46}},"81":{"start":{"line":152,"column":29},"end":{"line":152,"column":46}},"82":{"start":{"line":153,"column":36},"end":{"line":153,"column":60}},"83":{"start":{"line":154,"column":14},"end":{"line":156,"column":16}},"84":{"start":{"line":166,"column":23},"end":{"line":168,"column":1}},"85":{"start":{"line":167,"column":2},"end":{"line":167,"column":38}},"86":{"start":{"line":172,"column":23},"end":{"line":176,"column":1}},"87":{"start":{"line":173,"column":2},"end":{"line":175,"column":3}},"88":{"start":{"line":174,"column":4},"end":{"line":174,"column":43}},"89":{"start":{"line":179,"column":32},"end":{"line":191,"column":1}},"90":{"start":{"line":180,"column":15},"end":{"line":180,"column":58}},"91":{"start":{"line":181,"column":15},"end":{"line":181,"column":36}},"92":{"start":{"line":182,"column":2},"end":{"line":189,"column":5}},"93":{"start":{"line":183,"column":15},"end":{"line":183,"column":59}},"94":{"start":{"line":184,"column":4},"end":{"line":188,"column":5}},"95":{"start":{"line":185,"column":6},"end":{"line":187,"column":7}},"96":{"start":{"line":186,"column":8},"end":{"line":186,"column":35}},"97":{"start":{"line":190,"column":2},"end":{"line":190,"column":16}},"98":{"start":{"line":194,"column":24},"end":{"line":201,"column":1}},"99":{"start":{"line":195,"column":2},"end":{"line":195,"column":71}},"100":{"start":{"line":196,"column":2},"end":{"line":196,"column":70}},"101":{"start":{"line":197,"column":2},"end":{"line":197,"column":73}},"102":{"start":{"line":198,"column":2},"end":{"line":198,"column":73}},"103":{"start":{"line":199,"column":2},"end":{"line":199,"column":87}},"104":{"start":{"line":200,"column":2},"end":{"line":200,"column":53}},"105":{"start":{"line":205,"column":0},"end":{"line":205,"column":33}},"106":{"start":{"line":206,"column":0},"end":{"line":206,"column":62}},"107":{"start":{"line":207,"column":0},"end":{"line":207,"column":60}},"108":{"start":{"line":208,"column":0},"end":{"line":208,"column":60}},"109":{"start":{"line":209,"column":0},"end":{"line":209,"column":78}}},"fnMap":{"0":{"name":"(anonymous_0)","decl":{"start":{"line":18,"column":2},"end":{"line":18,"column":3}},"loc":{"start":{"line":18,"column":21},"end":{"line":33,"column":3}},"line":18},"1":{"name":"(anonymous_1)","decl":{"start":{"line":35,"column":2},"end":{"line":35,"column":3}},"loc":{"start":{"line":35,"column":21},"end":{"line":58,"column":3}},"line":35},"2":{"name":"(anonymous_2)","decl":{"start":{"line":42,"column":12},"end":{"line":42,"column":13}},"loc":{"start":{"line":42,"column":19},"end":{"line":42,"column":27}},"line":42},"3":{"name":"(anonymous_3)","decl":{"start":{"line":43,"column":12},"end":{"line":43,"column":13}},"loc":{"start":{"line":43,"column":26},"end":{"line":57,"column":7}},"line":43},"4":{"name":"(anonymous_4)","decl":{"start":{"line":60,"column":2},"end":{"line":60,"column":3}},"loc":{"start":{"line":60,"column":26},"end":{"line":79,"column":3}},"line":60},"5":{"name":"(anonymous_5)","decl":{"start":{"line":66,"column":12},"end":{"line":66,"column":13}},"loc":{"start":{"line":66,"column":19},"end":{"line":66,"column":27}},"line":66},"6":{"name":"(anonymous_6)","decl":{"start":{"line":67,"column":12},"end":{"line":67,"column":13}},"loc":{"start":{"line":67,"column":21},"end":{"line":78,"column":7}},"line":67},"7":{"name":"(anonymous_7)","decl":{"start":{"line":81,"column":2},"end":{"line":81,"column":3}},"loc":{"start":{"line":81,"column":20},"end":{"line":134,"column":3}},"line":81},"8":{"name":"(anonymous_8)","decl":{"start":{"line":84,"column":28},"end":{"line":84,"column":29}},"loc":{"start":{"line":84,"column":47},"end":{"line":125,"column":7}},"line":84},"9":{"name":"(anonymous_9)","decl":{"start":{"line":128,"column":26},"end":{"line":128,"column":27}},"loc":{"start":{"line":128,"column":45},"end":{"line":132,"column":5}},"line":128},"10":{"name":"(anonymous_10)","decl":{"start":{"line":136,"column":2},"end":{"line":136,"column":3}},"loc":{"start":{"line":136,"column":22},"end":{"line":139,"column":3}},"line":136},"11":{"name":"(anonymous_11)","decl":{"start":{"line":141,"column":2},"end":{"line":141,"column":3}},"loc":{"start":{"line":141,"column":11},"end":{"line":162,"column":3}},"line":141},"12":{"name":"(anonymous_12)","decl":{"start":{"line":147,"column":41},"end":{"line":147,"column":42}},"loc":{"start":{"line":147,"column":63},"end":{"line":157,"column":13}},"line":147},"13":{"name":"(anonymous_13)","decl":{"start":{"line":166,"column":23},"end":{"line":166,"column":24}},"loc":{"start":{"line":166,"column":29},"end":{"line":168,"column":1}},"line":166},"14":{"name":"(anonymous_14)","decl":{"start":{"line":172,"column":23},"end":{"line":172,"column":24}},"loc":{"start":{"line":172,"column":33},"end":{"line":176,"column":1}},"line":172},"15":{"name":"(anonymous_15)","decl":{"start":{"line":179,"column":32},"end":{"line":179,"column":33}},"loc":{"start":{"line":179,"column":38},"end":{"line":191,"column":1}},"line":179},"16":{"name":"(anonymous_16)","decl":{"start":{"line":182,"column":57},"end":{"line":182,"column":58}},"loc":{"start":{"line":182,"column":77},"end":{"line":189,"column":3}},"line":182},"17":{"name":"(anonymous_17)","decl":{"start":{"line":194,"column":24},"end":{"line":194,"column":25}},"loc":{"start":{"line":194,"column":39},"end":{"line":201,"column":1}},"line":194}},"branchMap":{"0":{"loc":{"start":{"line":44,"column":8},"end":{"line":50,"column":9}},"type":"if","locations":[{"start":{"line":44,"column":8},"end":{"line":50,"column":9}},{"start":{},"end":{}}],"line":44},"1":{"loc":{"start":{"line":64,"column":14},"end":{"line":64,"column":78}},"type":"cond-expr","locations":[{"start":{"line":64,"column":47},"end":{"line":64,"column":60}},{"start":{"line":64,"column":63},"end":{"line":64,"column":78}}],"line":64},"2":{"loc":{"start":{"line":68,"column":8},"end":{"line":77,"column":9}},"type":"if","locations":[{"start":{"line":68,"column":8},"end":{"line":77,"column":9}},{"start":{"line":74,"column":15},"end":{"line":77,"column":9}}],"line":68},"3":{"loc":{"start":{"line":71,"column":29},"end":{"line":72,"column":53}},"type":"cond-expr","locations":[{"start":{"line":72,"column":16},"end":{"line":72,"column":48}},{"start":{"line":72,"column":51},"end":{"line":72,"column":53}}],"line":71},"4":{"loc":{"start":{"line":71,"column":29},"end":{"line":71,"column":85}},"type":"binary-expr","locations":[{"start":{"line":71,"column":29},"end":{"line":71,"column":32}},{"start":{"line":71,"column":36},"end":{"line":71,"column":52}},{"start":{"line":71,"column":56},"end":{"line":71,"column":85}}],"line":71},"5":{"loc":{"start":{"line":76,"column":27},"end":{"line":76,"column":74}},"type":"cond-expr","locations":[{"start":{"line":76,"column":53},"end":{"line":76,"column":69}},{"start":{"line":76,"column":72},"end":{"line":76,"column":74}}],"line":76},"6":{"loc":{"start":{"line":76,"column":27},"end":{"line":76,"column":50}},"type":"binary-expr","locations":[{"start":{"line":76,"column":27},"end":{"line":76,"column":30}},{"start":{"line":76,"column":34},"end":{"line":76,"column":50}}],"line":76},"7":{"loc":{"start":{"line":83,"column":4},"end":{"line":126,"column":5}},"type":"if","locations":[{"start":{"line":83,"column":4},"end":{"line":126,"column":5}},{"start":{},"end":{}}],"line":83},"8":{"loc":{"start":{"line":85,"column":18},"end":{"line":85,"column":66}},"type":"cond-expr","locations":[{"start":{"line":85,"column":37},"end":{"line":85,"column":53}},{"start":{"line":85,"column":56},"end":{"line":85,"column":66}}],"line":85},"9":{"loc":{"start":{"line":86,"column":25},"end":{"line":86,"column":75}},"type":"binary-expr","locations":[{"start":{"line":86,"column":25},"end":{"line":86,"column":35}},{"start":{"line":86,"column":39},"end":{"line":86,"column":75}}],"line":86},"10":{"loc":{"start":{"line":87,"column":21},"end":{"line":87,"column":64}},"type":"binary-expr","locations":[{"start":{"line":87,"column":21},"end":{"line":87,"column":50}},{"start":{"line":87,"column":54},"end":{"line":87,"column":64}}],"line":87},"11":{"loc":{"start":{"line":88,"column":8},"end":{"line":124,"column":9}},"type":"if","locations":[{"start":{"line":88,"column":8},"end":{"line":124,"column":9}},{"start":{},"end":{}}],"line":88},"12":{"loc":{"start":{"line":89,"column":29},"end":{"line":89,"column":56}},"type":"cond-expr","locations":[{"start":{"line":89,"column":41},"end":{"line":89,"column":50}},{"start":{"line":89,"column":53},"end":{"line":89,"column":56}}],"line":89},"13":{"loc":{"start":{"line":93,"column":10},"end":{"line":109,"column":11}},"type":"if","locations":[{"start":{"line":93,"column":10},"end":{"line":109,"column":11}},{"start":{},"end":{}}],"line":93},"14":{"loc":{"start":{"line":93,"column":14},"end":{"line":93,"column":85}},"type":"binary-expr","locations":[{"start":{"line":93,"column":14},"end":{"line":93,"column":38}},{"start":{"line":93,"column":42},"end":{"line":93,"column":65}},{"start":{"line":93,"column":69},"end":{"line":93,"column":85}}],"line":93},"15":{"loc":{"start":{"line":99,"column":14},"end":{"line":107,"column":14}},"type":"if","locations":[{"start":{"line":99,"column":14},"end":{"line":107,"column":14}},{"start":{"line":103,"column":20},"end":{"line":107,"column":14}}],"line":99},"16":{"loc":{"start":{"line":99,"column":18},"end":{"line":99,"column":108}},"type":"binary-expr","locations":[{"start":{"line":99,"column":19},"end":{"line":99,"column":28}},{"start":{"line":99,"column":34},"end":{"line":99,"column":61}},{"start":{"line":99,"column":65},"end":{"line":99,"column":107}}],"line":99},"17":{"loc":{"start":{"line":103,"column":20},"end":{"line":107,"column":14}},"type":"if","locations":[{"start":{"line":103,"column":20},"end":{"line":107,"column":14}},{"start":{},"end":{}}],"line":103},"18":{"loc":{"start":{"line":103,"column":24},"end":{"line":103,"column":114}},"type":"binary-expr","locations":[{"start":{"line":103,"column":25},"end":{"line":103,"column":34}},{"start":{"line":103,"column":40},"end":{"line":103,"column":67}},{"start":{"line":103,"column":71},"end":{"line":103,"column":113}}],"line":103},"19":{"loc":{"start":{"line":110,"column":10},"end":{"line":122,"column":11}},"type":"if","locations":[{"start":{"line":110,"column":10},"end":{"line":122,"column":11}},{"start":{},"end":{}}],"line":110},"20":{"loc":{"start":{"line":116,"column":13},"end":{"line":120,"column":14}},"type":"if","locations":[{"start":{"line":116,"column":13},"end":{"line":120,"column":14}},{"start":{},"end":{}}],"line":116},"21":{"loc":{"start":{"line":116,"column":18},"end":{"line":116,"column":91}},"type":"binary-expr","locations":[{"start":{"line":116,"column":18},"end":{"line":116,"column":45}},{"start":{"line":116,"column":49},"end":{"line":116,"column":91}}],"line":116},"22":{"loc":{"start":{"line":129,"column":6},"end":{"line":131,"column":7}},"type":"if","locations":[{"start":{"line":129,"column":6},"end":{"line":131,"column":7}},{"start":{},"end":{}}],"line":129},"23":{"loc":{"start":{"line":145,"column":9},"end":{"line":159,"column":9}},"type":"binary-expr","locations":[{"start":{"line":145,"column":9},"end":{"line":145,"column":18}},{"start":{"line":146,"column":10},"end":{"line":158,"column":16}}],"line":145},"24":{"loc":{"start":{"line":173,"column":2},"end":{"line":175,"column":3}},"type":"if","locations":[{"start":{"line":173,"column":2},"end":{"line":175,"column":3}},{"start":{},"end":{}}],"line":173},"25":{"loc":{"start":{"line":184,"column":4},"end":{"line":188,"column":5}},"type":"if","locations":[{"start":{"line":184,"column":4},"end":{"line":188,"column":5}},{"start":{},"end":{}}],"line":184}},"s":{"0":3,"1":3,"2":3,"3":3,"4":3,"5":7,"6":4,"7":4,"8":4,"9":4,"10":4,"11":4,"12":4,"13":4,"14":4,"15":4,"16":4,"17":4,"18":4,"19":2,"20":2,"21":2,"22":2,"23":2,"24":4,"25":4,"26":4,"27":4,"28":4,"29":4,"30":4,"31":4,"32":4,"33":4,"34":4,"35":2,"36":2,"37":2,"38":9,"39":9,"40":8,"41":46,"42":46,"43":46,"44":46,"45":29,"46":29,"47":29,"48":29,"49":16,"50":16,"51":16,"52":16,"53":16,"54":63,"55":63,"56":18,"57":18,"58":45,"59":9,"60":9,"61":29,"62":4,"63":4,"64":4,"65":7,"66":7,"67":3,"68":3,"69":9,"70":9,"71":46,"72":4,"73":4,"74":4,"75":6,"76":6,"77":14,"78":14,"79":14,"80":14,"81":14,"82":14,"83":14,"84":3,"85":2,"86":3,"87":6,"88":5,"89":3,"90":2,"91":2,"92":2,"93":14,"94":14,"95":2,"96":2,"97":2,"98":3,"99":2,"100":2,"101":2,"102":2,"103":2,"104":2,"105":3,"106":3,"107":3,"108":3,"109":3},"f":{"0":7,"1":4,"2":4,"3":4,"4":4,"5":4,"6":4,"7":9,"8":46,"9":46,"10":4,"11":6,"12":14,"13":2,"14":6,"15":2,"16":14,"17":2},"b":{"0":[2,2],"1":[2,2],"2":[2,2],"3":[1,1],"4":[2,2,1],"5":[1,1],"6":[2,2],"7":[8,1],"8":[2,44],"9":[46,1],"10":[46,17],"11":[29,17],"12":[1,28],"13":[16,13],"14":[29,25,20],"15":[18,45],"16":[63,36,20],"17":[9,36],"18":[45,27,11],"19":[4,25],"20":[3,4],"21":[7,4],"22":[4,42],"23":[6,2],"24":[5,1],"25":[2,12]},"_coverageSchema":"1a1c01bbd47fc00a2c39e90264f33305004495a9","hash":"504b222e0d8eeb70d76d6017e10ef8e46f9a975c"}
,"F:\\Virtualbox\\weko_share_data\\github\\weko-react\\app-facet-search\\src\\components\\RangeCheckboxList.jsx": {"path":"F:\\Virtualbox\\weko_share_data\\github\\weko-react\\app-facet-search\\src\\components\\RangeCheckboxList.jsx","statementMap":{"0":{"start":{"line":39,"column":50},"end":{"line":39,"column":62}},"1":{"start":{"line":42,"column":22},"end":{"line":42,"column":46}},"2":{"start":{"line":43,"column":33},"end":{"line":43,"column":58}},"3":{"start":{"line":54,"column":19},"end":{"line":81,"column":3}},"4":{"start":{"line":55,"column":4},"end":{"line":79,"column":5}},"5":{"start":{"line":57,"column":6},"end":{"line":57,"column":37}},"6":{"start":{"line":58,"column":6},"end":{"line":67,"column":7}},"7":{"start":{"line":70,"column":6},"end":{"line":78,"column":7}},"8":{"start":{"line":94,"column":23},"end":{"line":112,"column":3}},"9":{"start":{"line":95,"column":4},"end":{"line":111,"column":5}},"10":{"start":{"line":97,"column":8},"end":{"line":109,"column":9}},"11":{"start":{"line":98,"column":19},"end":{"line":98,"column":81}},"12":{"start":{"line":99,"column":22},"end":{"line":99,"column":65}},"13":{"start":{"line":100,"column":24},"end":{"line":100,"column":86}},"14":{"start":{"line":101,"column":10},"end":{"line":108,"column":11}},"15":{"start":{"line":122,"column":28},"end":{"line":139,"column":3}},"16":{"start":{"line":123,"column":4},"end":{"line":138,"column":5}},"17":{"start":{"line":145,"column":4},"end":{"line":147,"column":5}},"18":{"start":{"line":146,"column":6},"end":{"line":146,"column":13}},"19":{"start":{"line":148,"column":4},"end":{"line":148,"column":92}},"20":{"start":{"line":158,"column":4},"end":{"line":161,"column":5}},"21":{"start":{"line":159,"column":8},"end":{"line":159,"column":38}},"22":{"start":{"line":160,"column":8},"end":{"line":160,"column":15}},"23":{"start":{"line":162,"column":4},"end":{"line":162,"column":89}},"24":{"start":{"line":163,"column":4},"end":{"line":166,"column":7}},"25":{"start":{"line":165,"column":6},"end":{"line":165,"column":79}},"26":{"start":{"line":174,"column":20},"end":{"line":174,"column":22}},"27":{"start":{"line":175,"column":4},"end":{"line":179,"column":7}},"28":{"start":{"line":176,"column":6},"end":{"line":178,"column":7}},"29":{"start":{"line":177,"column":8},"end":{"line":177,"column":53}},"30":{"start":{"line":180,"column":4},"end":{"line":180,"column":80}},"31":{"start":{"line":181,"column":4},"end":{"line":181,"column":27}},"32":{"start":{"line":189,"column":20},"end":{"line":189,"column":22}},"33":{"start":{"line":190,"column":4},"end":{"line":196,"column":7}},"34":{"start":{"line":191,"column":6},"end":{"line":195,"column":7}},"35":{"start":{"line":192,"column":8},"end":{"line":192,"column":53}},"36":{"start":{"line":193,"column":12},"end":{"line":195,"column":7}},"37":{"start":{"line":194,"column":8},"end":{"line":194,"column":72}},"38":{"start":{"line":197,"column":4},"end":{"line":197,"column":27}},"39":{"start":{"line":198,"column":4},"end":{"line":198,"column":92}},"40":{"start":{"line":208,"column":4},"end":{"line":208,"column":24}},"41":{"start":{"line":210,"column":4},"end":{"line":212,"column":7}},"42":{"start":{"line":211,"column":6},"end":{"line":211,"column":41}},"43":{"start":{"line":213,"column":4},"end":{"line":213,"column":52}},"44":{"start":{"line":213,"column":32},"end":{"line":213,"column":52}},"45":{"start":{"line":214,"column":4},"end":{"line":214,"column":42}},"46":{"start":{"line":215,"column":4},"end":{"line":219,"column":5}},"47":{"start":{"line":216,"column":6},"end":{"line":216,"column":60}},"48":{"start":{"line":218,"column":6},"end":{"line":218,"column":49}},"49":{"start":{"line":223,"column":15},"end":{"line":223,"column":58}},"50":{"start":{"line":224,"column":16},"end":{"line":224,"column":48}},"51":{"start":{"line":226,"column":11},"end":{"line":226,"column":52}},"52":{"start":{"line":227,"column":2},"end":{"line":237,"column":4}}},"fnMap":{"0":{"name":"RangeCheckboxList","decl":{"start":{"line":38,"column":9},"end":{"line":38,"column":26}},"loc":{"start":{"line":38,"column":68},"end":{"line":238,"column":1}},"line":38},"1":{"name":"(anonymous_1)","decl":{"start":{"line":54,"column":19},"end":{"line":54,"column":20}},"loc":{"start":{"line":54,"column":56},"end":{"line":81,"column":3}},"line":54},"2":{"name":"(anonymous_2)","decl":{"start":{"line":94,"column":23},"end":{"line":94,"column":24}},"loc":{"start":{"line":94,"column":78},"end":{"line":112,"column":3}},"line":94},"3":{"name":"(anonymous_3)","decl":{"start":{"line":96,"column":17},"end":{"line":96,"column":18}},"loc":{"start":{"line":96,"column":36},"end":{"line":110,"column":7}},"line":96},"4":{"name":"(anonymous_4)","decl":{"start":{"line":122,"column":28},"end":{"line":122,"column":29}},"loc":{"start":{"line":122,"column":59},"end":{"line":139,"column":3}},"line":122},"5":{"name":"closeModal","decl":{"start":{"line":144,"column":11},"end":{"line":144,"column":21}},"loc":{"start":{"line":144,"column":24},"end":{"line":149,"column":3}},"line":144},"6":{"name":"openModal","decl":{"start":{"line":156,"column":11},"end":{"line":156,"column":20}},"loc":{"start":{"line":156,"column":23},"end":{"line":167,"column":3}},"line":156},"7":{"name":"(anonymous_7)","decl":{"start":{"line":163,"column":104},"end":{"line":163,"column":105}},"loc":{"start":{"line":163,"column":110},"end":{"line":166,"column":5}},"line":163},"8":{"name":"handleListChange","decl":{"start":{"line":173,"column":11},"end":{"line":173,"column":27}},"loc":{"start":{"line":173,"column":31},"end":{"line":182,"column":3}},"line":173},"9":{"name":"(anonymous_9)","decl":{"start":{"line":175,"column":104},"end":{"line":175,"column":105}},"loc":{"start":{"line":175,"column":110},"end":{"line":179,"column":5}},"line":175},"10":{"name":"handleModalListChange","decl":{"start":{"line":188,"column":11},"end":{"line":188,"column":32}},"loc":{"start":{"line":188,"column":36},"end":{"line":199,"column":3}},"line":188},"11":{"name":"(anonymous_11)","decl":{"start":{"line":190,"column":104},"end":{"line":190,"column":105}},"loc":{"start":{"line":190,"column":110},"end":{"line":196,"column":5}},"line":190},"12":{"name":"executeSearch","decl":{"start":{"line":207,"column":11},"end":{"line":207,"column":24}},"loc":{"start":{"line":207,"column":34},"end":{"line":221,"column":3}},"line":207},"13":{"name":"(anonymous_13)","decl":{"start":{"line":210,"column":16},"end":{"line":210,"column":17}},"loc":{"start":{"line":210,"column":38},"end":{"line":212,"column":5}},"line":210}},"branchMap":{"0":{"loc":{"start":{"line":55,"column":4},"end":{"line":79,"column":5}},"type":"if","locations":[{"start":{"line":55,"column":4},"end":{"line":79,"column":5}},{"start":{"line":68,"column":11},"end":{"line":79,"column":5}}],"line":55},"1":{"loc":{"start":{"line":97,"column":8},"end":{"line":109,"column":9}},"type":"if","locations":[{"start":{"line":97,"column":8},"end":{"line":109,"column":9}},{"start":{},"end":{}}],"line":97},"2":{"loc":{"start":{"line":97,"column":12},"end":{"line":97,"column":44}},"type":"binary-expr","locations":[{"start":{"line":97,"column":12},"end":{"line":97,"column":19}},{"start":{"line":97,"column":23},"end":{"line":97,"column":44}}],"line":97},"3":{"loc":{"start":{"line":98,"column":35},"end":{"line":98,"column":72}},"type":"cond-expr","locations":[{"start":{"line":98,"column":45},"end":{"line":98,"column":59}},{"start":{"line":98,"column":62},"end":{"line":98,"column":72}}],"line":98},"4":{"loc":{"start":{"line":100,"column":24},"end":{"line":100,"column":86}},"type":"binary-expr","locations":[{"start":{"line":100,"column":24},"end":{"line":100,"column":40}},{"start":{"line":100,"column":45},"end":{"line":100,"column":86}}],"line":100},"5":{"loc":{"start":{"line":145,"column":4},"end":{"line":147,"column":5}},"type":"if","locations":[{"start":{"line":145,"column":4},"end":{"line":147,"column":5}},{"start":{},"end":{}}],"line":145},"6":{"loc":{"start":{"line":158,"column":4},"end":{"line":161,"column":5}},"type":"if","locations":[{"start":{"line":158,"column":4},"end":{"line":161,"column":5}},{"start":{},"end":{}}],"line":158},"7":{"loc":{"start":{"line":165,"column":19},"end":{"line":165,"column":78}},"type":"binary-expr","locations":[{"start":{"line":165,"column":19},"end":{"line":165,"column":35}},{"start":{"line":165,"column":40},"end":{"line":165,"column":78}}],"line":165},"8":{"loc":{"start":{"line":176,"column":6},"end":{"line":178,"column":7}},"type":"if","locations":[{"start":{"line":176,"column":6},"end":{"line":178,"column":7}},{"start":{},"end":{}}],"line":176},"9":{"loc":{"start":{"line":176,"column":9},"end":{"line":176,"column":105}},"type":"binary-expr","locations":[{"start":{"line":176,"column":10},"end":{"line":176,"column":20}},{"start":{"line":176,"column":24},"end":{"line":176,"column":51}},{"start":{"line":176,"column":57},"end":{"line":176,"column":73}},{"start":{"line":176,"column":77},"end":{"line":176,"column":104}}],"line":176},"10":{"loc":{"start":{"line":191,"column":6},"end":{"line":195,"column":7}},"type":"if","locations":[{"start":{"line":191,"column":6},"end":{"line":195,"column":7}},{"start":{"line":193,"column":12},"end":{"line":195,"column":7}}],"line":191},"11":{"loc":{"start":{"line":193,"column":12},"end":{"line":195,"column":7}},"type":"if","locations":[{"start":{"line":193,"column":12},"end":{"line":195,"column":7}},{"start":{},"end":{}}],"line":193},"12":{"loc":{"start":{"line":213,"column":4},"end":{"line":213,"column":52}},"type":"if","locations":[{"start":{"line":213,"column":4},"end":{"line":213,"column":52}},{"start":{},"end":{}}],"line":213},"13":{"loc":{"start":{"line":215,"column":4},"end":{"line":219,"column":5}},"type":"if","locations":[{"start":{"line":215,"column":4},"end":{"line":219,"column":5}},{"start":{"line":217,"column":9},"end":{"line":219,"column":5}}],"line":215},"14":{"loc":{"start":{"line":226,"column":11},"end":{"line":226,"column":52}},"type":"cond-expr","locations":[{"start":{"line":226,"column":35},"end":{"line":226,"column":36}},{"start":{"line":226,"column":39},"end":{"line":226,"column":52}}],"line":226},"15":{"loc":{"start":{"line":231,"column":9},"end":{"line":232,"column":70}},"type":"binary-expr","locations":[{"start":{"line":231,"column":9},"end":{"line":231,"column":27}},{"start":{"line":232,"column":10},"end":{"line":232,"column":70}}],"line":231}},"s":{"0":10,"1":10,"2":10,"3":10,"4":36,"5":16,"6":16,"7":20,"8":10,"9":20,"10":40,"11":36,"12":36,"13":36,"14":36,"15":10,"16":10,"17":2,"18":0,"19":2,"20":2,"21":0,"22":0,"23":2,"24":2,"25":4,"26":2,"27":2,"28":4,"29":2,"30":2,"31":2,"32":2,"33":2,"34":4,"35":1,"36":3,"37":0,"38":2,"39":2,"40":4,"41":4,"42":3,"43":4,"44":0,"45":4,"46":4,"47":3,"48":1,"49":10,"50":10,"51":10,"52":10},"f":{"0":10,"1":36,"2":20,"3":40,"4":10,"5":2,"6":2,"7":4,"8":2,"9":4,"10":2,"11":4,"12":4,"13":3},"b":{"0":[16,20],"1":[36,4],"2":[40,20],"3":[20,16],"4":[36,10],"5":[0,2],"6":[0,2],"7":[4,0],"8":[2,2],"9":[4,0,4,4],"10":[1,3],"11":[0,3],"12":[0,4],"13":[3,1],"14":[0,10],"15":[10,4]},"_coverageSchema":"1a1c01bbd47fc00a2c39e90264f33305004495a9","hash":"bf3cb73ee2ae4157558929ca85f213b02a7b88af"}
,"F:\\Virtualbox\\weko_share_data\\github\\weko-react\\app-facet-search\\src\\components\\RangeFacet.jsx": {"path":"F:\\Virtualbox\\weko_share_data\\github\\weko-react\\app-facet-search\\src\\components\\RangeFacet.jsx","statementMap":{"0":{"start":{"line":10,"column":17},"end":{"line":10,"column":41}},"1":{"start":{"line":10,"column":23},"end":{"line":10,"column":41}},"2":{"start":{"line":11,"column":17},"end":{"line":11,"column":59}},"3":{"start":{"line":12,"column":19},"end":{"line":12,"column":84}},"4":{"start":{"line":13,"column":30},"end":{"line":13,"column":48}},"5":{"start":{"line":14,"column":2},"end":{"line":45,"column":4}}},"fnMap":{"0":{"name":"RangeFacet","decl":{"start":{"line":9,"column":9},"end":{"line":9,"column":19}},"loc":{"start":{"line":9,"column":93},"end":{"line":46,"column":1}},"line":9},"1":{"name":"(anonymous_1)","decl":{"start":{"line":10,"column":17},"end":{"line":10,"column":18}},"loc":{"start":{"line":10,"column":23},"end":{"line":10,"column":41}},"line":10}},"branchMap":{"0":{"loc":{"start":{"line":12,"column":19},"end":{"line":12,"column":84}},"type":"cond-expr","locations":[{"start":{"line":12,"column":67},"end":{"line":12,"column":71}},{"start":{"line":12,"column":74},"end":{"line":12,"column":84}}],"line":12},"1":{"loc":{"start":{"line":19,"column":11},"end":{"line":23,"column":11}},"type":"binary-expr","locations":[{"start":{"line":19,"column":11},"end":{"line":19,"column":18}},{"start":{"line":20,"column":12},"end":{"line":22,"column":19}}],"line":19},"2":{"loc":{"start":{"line":24,"column":11},"end":{"line":28,"column":11}},"type":"binary-expr","locations":[{"start":{"line":24,"column":11},"end":{"line":24,"column":17}},{"start":{"line":25,"column":12},"end":{"line":27,"column":19}}],"line":24},"3":{"loc":{"start":{"line":33,"column":11},"end":{"line":35,"column":11}},"type":"binary-expr","locations":[{"start":{"line":33,"column":11},"end":{"line":33,"column":23}},{"start":{"line":33,"column":27},"end":{"line":33,"column":49}},{"start":{"line":34,"column":12},"end":{"line":34,"column":77}}],"line":33},"4":{"loc":{"start":{"line":36,"column":11},"end":{"line":38,"column":11}},"type":"binary-expr","locations":[{"start":{"line":36,"column":11},"end":{"line":36,"column":23}},{"start":{"line":36,"column":27},"end":{"line":36,"column":52}},{"start":{"line":37,"column":12},"end":{"line":37,"column":113}}],"line":36},"5":{"loc":{"start":{"line":39,"column":11},"end":{"line":41,"column":11}},"type":"binary-expr","locations":[{"start":{"line":39,"column":11},"end":{"line":39,"column":23}},{"start":{"line":39,"column":27},"end":{"line":39,"column":51}},{"start":{"line":40,"column":12},"end":{"line":40,"column":76}}],"line":39}},"s":{"0":28,"1":1,"2":28,"3":28,"4":28,"5":28},"f":{"0":28,"1":1},"b":{"0":[3,25],"1":[28,15],"2":[28,13],"3":[28,14,3],"4":[28,14,8],"5":[28,14,3]},"_coverageSchema":"1a1c01bbd47fc00a2c39e90264f33305004495a9","hash":"6fe6594f3995556023fa1f02937a222dfeb8bb9d"}
,"F:\\Virtualbox\\weko_share_data\\github\\weko-react\\app-facet-search\\src\\components\\RangeSelect.jsx": {"path":"F:\\Virtualbox\\weko_share_data\\github\\weko-react\\app-facet-search\\src\\components\\RangeSelect.jsx","statementMap":{"0":{"start":{"line":9,"column":22},"end":{"line":9,"column":46}},"1":{"start":{"line":12,"column":4},"end":{"line":12,"column":24}},"2":{"start":{"line":14,"column":4},"end":{"line":16,"column":7}},"3":{"start":{"line":15,"column":6},"end":{"line":15,"column":41}},"4":{"start":{"line":18,"column":4},"end":{"line":18,"column":52}},"5":{"start":{"line":18,"column":32},"end":{"line":18,"column":52}},"6":{"start":{"line":19,"column":4},"end":{"line":19,"column":42}},"7":{"start":{"line":20,"column":4},"end":{"line":24,"column":5}},"8":{"start":{"line":21,"column":6},"end":{"line":21,"column":60}},"9":{"start":{"line":23,"column":6},"end":{"line":23,"column":49}},"10":{"start":{"line":27,"column":15},"end":{"line":27,"column":58}},"11":{"start":{"line":29,"column":23},"end":{"line":29,"column":25}},"12":{"start":{"line":30,"column":16},"end":{"line":30,"column":18}},"13":{"start":{"line":31,"column":2},"end":{"line":42,"column":3}},"14":{"start":{"line":32,"column":4},"end":{"line":41,"column":7}},"15":{"start":{"line":33,"column":19},"end":{"line":36,"column":7}},"16":{"start":{"line":37,"column":6},"end":{"line":37,"column":27}},"17":{"start":{"line":38,"column":6},"end":{"line":40,"column":7}},"18":{"start":{"line":39,"column":8},"end":{"line":39,"column":36}},"19":{"start":{"line":44,"column":2},"end":{"line":63,"column":4}},"20":{"start":{"line":53,"column":12},"end":{"line":53,"column":42}}},"fnMap":{"0":{"name":"RangeSelect","decl":{"start":{"line":6,"column":9},"end":{"line":6,"column":20}},"loc":{"start":{"line":6,"column":47},"end":{"line":64,"column":1}},"line":6},"1":{"name":"handleChange","decl":{"start":{"line":11,"column":11},"end":{"line":11,"column":23}},"loc":{"start":{"line":11,"column":32},"end":{"line":25,"column":3}},"line":11},"2":{"name":"(anonymous_2)","decl":{"start":{"line":14,"column":15},"end":{"line":14,"column":16}},"loc":{"start":{"line":14,"column":37},"end":{"line":16,"column":5}},"line":14},"3":{"name":"(anonymous_3)","decl":{"start":{"line":32,"column":15},"end":{"line":32,"column":16}},"loc":{"start":{"line":32,"column":37},"end":{"line":41,"column":5}},"line":32},"4":{"name":"(anonymous_4)","decl":{"start":{"line":52,"column":20},"end":{"line":52,"column":21}},"loc":{"start":{"line":52,"column":41},"end":{"line":54,"column":11}},"line":52}},"branchMap":{"0":{"loc":{"start":{"line":18,"column":4},"end":{"line":18,"column":52}},"type":"if","locations":[{"start":{"line":18,"column":4},"end":{"line":18,"column":52}},{"start":{},"end":{}}],"line":18},"1":{"loc":{"start":{"line":20,"column":4},"end":{"line":24,"column":5}},"type":"if","locations":[{"start":{"line":20,"column":4},"end":{"line":24,"column":5}},{"start":{"line":22,"column":9},"end":{"line":24,"column":5}}],"line":20},"2":{"loc":{"start":{"line":31,"column":2},"end":{"line":42,"column":3}},"type":"if","locations":[{"start":{"line":31,"column":2},"end":{"line":42,"column":3}},{"start":{},"end":{}}],"line":31},"3":{"loc":{"start":{"line":34,"column":16},"end":{"line":34,"column":50}},"type":"binary-expr","locations":[{"start":{"line":34,"column":16},"end":{"line":34,"column":35}},{"start":{"line":34,"column":39},"end":{"line":34,"column":50}}],"line":34},"4":{"loc":{"start":{"line":38,"column":6},"end":{"line":40,"column":7}},"type":"if","locations":[{"start":{"line":38,"column":6},"end":{"line":40,"column":7}},{"start":{},"end":{}}],"line":38},"5":{"loc":{"start":{"line":38,"column":10},"end":{"line":38,"column":72}},"type":"binary-expr","locations":[{"start":{"line":38,"column":10},"end":{"line":38,"column":26}},{"start":{"line":38,"column":31},"end":{"line":38,"column":72}}],"line":38}},"s":{"0":3,"1":2,"2":2,"3":3,"4":2,"5":1,"6":2,"7":2,"8":1,"9":1,"10":3,"11":3,"12":3,"13":3,"14":2,"15":4,"16":4,"17":4,"18":1,"19":3,"20":2},"f":{"0":3,"1":2,"2":3,"3":4,"4":2},"b":{"0":[1,1],"1":[1,1],"2":[2,1],"3":[4,4],"4":[1,3],"5":[4,2]},"_coverageSchema":"1a1c01bbd47fc00a2c39e90264f33305004495a9","hash":"d8a97d192b0351663d82c8f06267246a1087446d"}
,"F:\\Virtualbox\\weko_share_data\\github\\weko-react\\app-facet-search\\src\\components\\RangeSlider.jsx": {"path":"F:\\Virtualbox\\weko_share_data\\github\\weko-react\\app-facet-search\\src\\components\\RangeSlider.jsx","statementMap":{"0":{"start":{"line":8,"column":22},"end":{"line":8,"column":46}},"1":{"start":{"line":11,"column":19},"end":{"line":11,"column":73}},"2":{"start":{"line":12,"column":19},"end":{"line":12,"column":73}},"3":{"start":{"line":15,"column":4},"end":{"line":15,"column":33}},"4":{"start":{"line":16,"column":4},"end":{"line":16,"column":33}},"5":{"start":{"line":17,"column":4},"end":{"line":17,"column":18}},"6":{"start":{"line":20,"column":4},"end":{"line":29,"column":5}},"7":{"start":{"line":21,"column":6},"end":{"line":23,"column":7}},"8":{"start":{"line":22,"column":8},"end":{"line":22,"column":56}},"9":{"start":{"line":24,"column":6},"end":{"line":26,"column":7}},"10":{"start":{"line":25,"column":8},"end":{"line":25,"column":56}},"11":{"start":{"line":27,"column":6},"end":{"line":27,"column":57}},"12":{"start":{"line":28,"column":6},"end":{"line":28,"column":19}},"13":{"start":{"line":31,"column":18},"end":{"line":31,"column":46}},"14":{"start":{"line":32,"column":21},"end":{"line":32,"column":44}},"15":{"start":{"line":33,"column":21},"end":{"line":33,"column":44}},"16":{"start":{"line":35,"column":4},"end":{"line":45,"column":5}},"17":{"start":{"line":37,"column":6},"end":{"line":39,"column":7}},"18":{"start":{"line":38,"column":8},"end":{"line":38,"column":56}},"19":{"start":{"line":40,"column":6},"end":{"line":42,"column":7}},"20":{"start":{"line":41,"column":8},"end":{"line":41,"column":56}},"21":{"start":{"line":43,"column":6},"end":{"line":43,"column":54}},"22":{"start":{"line":44,"column":6},"end":{"line":44,"column":19}},"23":{"start":{"line":48,"column":4},"end":{"line":53,"column":5}},"24":{"start":{"line":49,"column":6},"end":{"line":49,"column":54}},"25":{"start":{"line":50,"column":6},"end":{"line":50,"column":54}},"26":{"start":{"line":51,"column":6},"end":{"line":51,"column":60}},"27":{"start":{"line":52,"column":6},"end":{"line":52,"column":19}},"28":{"start":{"line":55,"column":4},"end":{"line":55,"column":33}},"29":{"start":{"line":56,"column":4},"end":{"line":56,"column":33}},"30":{"start":{"line":57,"column":4},"end":{"line":57,"column":18}},"31":{"start":{"line":58,"column":4},"end":{"line":58,"column":16}},"32":{"start":{"line":62,"column":4},"end":{"line":62,"column":47}},"33":{"start":{"line":63,"column":4},"end":{"line":65,"column":5}},"34":{"start":{"line":64,"column":6},"end":{"line":64,"column":44}},"35":{"start":{"line":66,"column":4},"end":{"line":68,"column":5}},"36":{"start":{"line":67,"column":6},"end":{"line":67,"column":44}},"37":{"start":{"line":72,"column":4},"end":{"line":74,"column":5}},"38":{"start":{"line":73,"column":6},"end":{"line":73,"column":13}},"39":{"start":{"line":75,"column":4},"end":{"line":75,"column":51}},"40":{"start":{"line":77,"column":4},"end":{"line":77,"column":52}},"41":{"start":{"line":77,"column":32},"end":{"line":77,"column":52}},"42":{"start":{"line":78,"column":4},"end":{"line":78,"column":42}},"43":{"start":{"line":79,"column":4},"end":{"line":83,"column":5}},"44":{"start":{"line":80,"column":6},"end":{"line":80,"column":60}},"45":{"start":{"line":82,"column":6},"end":{"line":82,"column":49}},"46":{"start":{"line":86,"column":15},"end":{"line":86,"column":58}},"47":{"start":{"line":88,"column":17},"end":{"line":88,"column":21}},"48":{"start":{"line":89,"column":17},"end":{"line":89,"column":21}},"49":{"start":{"line":90,"column":2},"end":{"line":107,"column":3}},"50":{"start":{"line":91,"column":24},"end":{"line":91,"column":52}},"51":{"start":{"line":92,"column":4},"end":{"line":92,"column":40}},"52":{"start":{"line":93,"column":4},"end":{"line":93,"column":40}},"53":{"start":{"line":94,"column":9},"end":{"line":107,"column":3}},"54":{"start":{"line":95,"column":4},"end":{"line":106,"column":7}},"55":{"start":{"line":97,"column":6},"end":{"line":105,"column":7}},"56":{"start":{"line":98,"column":8},"end":{"line":98,"column":42}},"57":{"start":{"line":99,"column":8},"end":{"line":101,"column":9}},"58":{"start":{"line":100,"column":10},"end":{"line":100,"column":31}},"59":{"start":{"line":102,"column":8},"end":{"line":104,"column":9}},"60":{"start":{"line":103,"column":10},"end":{"line":103,"column":31}},"61":{"start":{"line":108,"column":13},"end":{"line":108,"column":38}},"62":{"start":{"line":110,"column":42},"end":{"line":110,"column":71}},"63":{"start":{"line":111,"column":36},"end":{"line":111,"column":54}},"64":{"start":{"line":112,"column":36},"end":{"line":112,"column":54}},"65":{"start":{"line":113,"column":36},"end":{"line":113,"column":60}},"66":{"start":{"line":114,"column":36},"end":{"line":114,"column":60}},"67":{"start":{"line":115,"column":30},"end":{"line":115,"column":42}},"68":{"start":{"line":117,"column":27},"end":{"line":125,"column":3}},"69":{"start":{"line":119,"column":4},"end":{"line":119,"column":42}},"70":{"start":{"line":120,"column":4},"end":{"line":120,"column":27}},"71":{"start":{"line":121,"column":4},"end":{"line":121,"column":27}},"72":{"start":{"line":122,"column":4},"end":{"line":122,"column":33}},"73":{"start":{"line":123,"column":4},"end":{"line":123,"column":33}},"74":{"start":{"line":124,"column":4},"end":{"line":124,"column":18}},"75":{"start":{"line":126,"column":2},"end":{"line":126,"column":77}},"76":{"start":{"line":128,"column":2},"end":{"line":155,"column":3}},"77":{"start":{"line":137,"column":27},"end":{"line":137,"column":67}},"78":{"start":{"line":143,"column":27},"end":{"line":143,"column":67}}},"fnMap":{"0":{"name":"RangeSlider","decl":{"start":{"line":6,"column":9},"end":{"line":6,"column":20}},"loc":{"start":{"line":6,"column":45},"end":{"line":156,"column":1}},"line":6},"1":{"name":"validateInputIsOk","decl":{"start":{"line":10,"column":11},"end":{"line":10,"column":28}},"loc":{"start":{"line":10,"column":31},"end":{"line":59,"column":3}},"line":10},"2":{"name":"handleSlide","decl":{"start":{"line":61,"column":11},"end":{"line":61,"column":22}},"loc":{"start":{"line":61,"column":33},"end":{"line":69,"column":3}},"line":61},"3":{"name":"handleGo","decl":{"start":{"line":71,"column":11},"end":{"line":71,"column":19}},"loc":{"start":{"line":71,"column":22},"end":{"line":84,"column":3}},"line":71},"4":{"name":"(anonymous_4)","decl":{"start":{"line":95,"column":14},"end":{"line":95,"column":15}},"loc":{"start":{"line":95,"column":36},"end":{"line":106,"column":5}},"line":95},"5":{"name":"(anonymous_5)","decl":{"start":{"line":117,"column":27},"end":{"line":117,"column":28}},"loc":{"start":{"line":117,"column":33},"end":{"line":125,"column":3}},"line":117},"6":{"name":"(anonymous_6)","decl":{"start":{"line":137,"column":22},"end":{"line":137,"column":23}},"loc":{"start":{"line":137,"column":27},"end":{"line":137,"column":67}},"line":137},"7":{"name":"(anonymous_7)","decl":{"start":{"line":143,"column":22},"end":{"line":143,"column":23}},"loc":{"start":{"line":143,"column":27},"end":{"line":143,"column":67}},"line":143}},"branchMap":{"0":{"loc":{"start":{"line":20,"column":4},"end":{"line":29,"column":5}},"type":"if","locations":[{"start":{"line":20,"column":4},"end":{"line":29,"column":5}},{"start":{},"end":{}}],"line":20},"1":{"loc":{"start":{"line":20,"column":7},"end":{"line":20,"column":41}},"type":"binary-expr","locations":[{"start":{"line":20,"column":7},"end":{"line":20,"column":22}},{"start":{"line":20,"column":26},"end":{"line":20,"column":41}}],"line":20},"2":{"loc":{"start":{"line":21,"column":6},"end":{"line":23,"column":7}},"type":"if","locations":[{"start":{"line":21,"column":6},"end":{"line":23,"column":7}},{"start":{},"end":{}}],"line":21},"3":{"loc":{"start":{"line":24,"column":6},"end":{"line":26,"column":7}},"type":"if","locations":[{"start":{"line":24,"column":6},"end":{"line":26,"column":7}},{"start":{},"end":{}}],"line":24},"4":{"loc":{"start":{"line":35,"column":4},"end":{"line":45,"column":5}},"type":"if","locations":[{"start":{"line":35,"column":4},"end":{"line":45,"column":5}},{"start":{},"end":{}}],"line":35},"5":{"loc":{"start":{"line":35,"column":7},"end":{"line":36,"column":56}},"type":"binary-expr","locations":[{"start":{"line":35,"column":7},"end":{"line":35,"column":25}},{"start":{"line":35,"column":29},"end":{"line":35,"column":55}},{"start":{"line":36,"column":8},"end":{"line":36,"column":26}},{"start":{"line":36,"column":30},"end":{"line":36,"column":56}}],"line":35},"6":{"loc":{"start":{"line":37,"column":6},"end":{"line":39,"column":7}},"type":"if","locations":[{"start":{"line":37,"column":6},"end":{"line":39,"column":7}},{"start":{},"end":{}}],"line":37},"7":{"loc":{"start":{"line":37,"column":9},"end":{"line":37,"column":57}},"type":"binary-expr","locations":[{"start":{"line":37,"column":9},"end":{"line":37,"column":27}},{"start":{"line":37,"column":31},"end":{"line":37,"column":57}}],"line":37},"8":{"loc":{"start":{"line":40,"column":6},"end":{"line":42,"column":7}},"type":"if","locations":[{"start":{"line":40,"column":6},"end":{"line":42,"column":7}},{"start":{},"end":{}}],"line":40},"9":{"loc":{"start":{"line":40,"column":9},"end":{"line":40,"column":57}},"type":"binary-expr","locations":[{"start":{"line":40,"column":9},"end":{"line":40,"column":27}},{"start":{"line":40,"column":31},"end":{"line":40,"column":57}}],"line":40},"10":{"loc":{"start":{"line":48,"column":4},"end":{"line":53,"column":5}},"type":"if","locations":[{"start":{"line":48,"column":4},"end":{"line":53,"column":5}},{"start":{},"end":{}}],"line":48},"11":{"loc":{"start":{"line":63,"column":4},"end":{"line":65,"column":5}},"type":"if","locations":[{"start":{"line":63,"column":4},"end":{"line":65,"column":5}},{"start":{},"end":{}}],"line":63},"12":{"loc":{"start":{"line":66,"column":4},"end":{"line":68,"column":5}},"type":"if","locations":[{"start":{"line":66,"column":4},"end":{"line":68,"column":5}},{"start":{},"end":{}}],"line":66},"13":{"loc":{"start":{"line":72,"column":4},"end":{"line":74,"column":5}},"type":"if","locations":[{"start":{"line":72,"column":4},"end":{"line":74,"column":5}},{"start":{},"end":{}}],"line":72},"14":{"loc":{"start":{"line":77,"column":4},"end":{"line":77,"column":52}},"type":"if","locations":[{"start":{"line":77,"column":4},"end":{"line":77,"column":52}},{"start":{},"end":{}}],"line":77},"15":{"loc":{"start":{"line":79,"column":4},"end":{"line":83,"column":5}},"type":"if","locations":[{"start":{"line":79,"column":4},"end":{"line":83,"column":5}},{"start":{"line":81,"column":9},"end":{"line":83,"column":5}}],"line":79},"16":{"loc":{"start":{"line":90,"column":2},"end":{"line":107,"column":3}},"type":"if","locations":[{"start":{"line":90,"column":2},"end":{"line":107,"column":3}},{"start":{"line":94,"column":9},"end":{"line":107,"column":3}}],"line":90},"17":{"loc":{"start":{"line":94,"column":9},"end":{"line":107,"column":3}},"type":"if","locations":[{"start":{"line":94,"column":9},"end":{"line":107,"column":3}},{"start":{},"end":{}}],"line":94},"18":{"loc":{"start":{"line":97,"column":6},"end":{"line":105,"column":7}},"type":"if","locations":[{"start":{"line":97,"column":6},"end":{"line":105,"column":7}},{"start":{},"end":{}}],"line":97},"19":{"loc":{"start":{"line":99,"column":8},"end":{"line":101,"column":9}},"type":"if","locations":[{"start":{"line":99,"column":8},"end":{"line":101,"column":9}},{"start":{},"end":{}}],"line":99},"20":{"loc":{"start":{"line":99,"column":11},"end":{"line":99,"column":51}},"type":"binary-expr","locations":[{"start":{"line":99,"column":11},"end":{"line":99,"column":27}},{"start":{"line":99,"column":31},"end":{"line":99,"column":51}}],"line":99},"21":{"loc":{"start":{"line":102,"column":8},"end":{"line":104,"column":9}},"type":"if","locations":[{"start":{"line":102,"column":8},"end":{"line":104,"column":9}},{"start":{},"end":{}}],"line":102},"22":{"loc":{"start":{"line":102,"column":11},"end":{"line":102,"column":51}},"type":"binary-expr","locations":[{"start":{"line":102,"column":11},"end":{"line":102,"column":27}},{"start":{"line":102,"column":31},"end":{"line":102,"column":51}}],"line":102}},"s":{"0":10,"1":6,"2":6,"3":6,"4":6,"5":6,"6":6,"7":1,"8":1,"9":1,"10":1,"11":1,"12":1,"13":5,"14":5,"15":5,"16":5,"17":1,"18":1,"19":1,"20":1,"21":1,"22":1,"23":4,"24":1,"25":1,"26":1,"27":1,"28":3,"29":3,"30":3,"31":3,"32":0,"33":0,"34":0,"35":0,"36":0,"37":6,"38":3,"39":3,"40":3,"41":1,"42":3,"43":3,"44":2,"45":1,"46":10,"47":10,"48":10,"49":10,"50":9,"51":9,"52":9,"53":1,"54":1,"55":4,"56":4,"57":4,"58":1,"59":4,"60":4,"61":10,"62":10,"63":10,"64":10,"65":10,"66":10,"67":10,"68":10,"69":2,"70":2,"71":2,"72":2,"73":2,"74":2,"75":10,"76":10,"77":2,"78":2},"f":{"0":10,"1":6,"2":0,"3":6,"4":4,"5":2,"6":2,"7":2},"b":{"0":[1,5],"1":[6,5],"2":[1,0],"3":[1,0],"4":[1,4],"5":[5,4,4,4],"6":[1,0],"7":[1,0],"8":[1,0],"9":[1,0],"10":[1,3],"11":[0,0],"12":[0,0],"13":[3,3],"14":[1,2],"15":[2,1],"16":[9,1],"17":[1,0],"18":[4,0],"19":[1,3],"20":[4,3],"21":[4,0],"22":[4,3]},"_coverageSchema":"1a1c01bbd47fc00a2c39e90264f33305004495a9","hash":"28252ddc50401b2650ba82bbd3b7785252adbec0"}
,"F:\\Virtualbox\\weko_share_data\\github\\weko-react\\app-facet-search\\src\\test\\setup_en.js": {"path":"F:\\Virtualbox\\weko_share_data\\github\\weko-react\\app-facet-search\\src\\test\\setup_en.js","statementMap":{"0":{"start":{"line":1,"column":10},"end":{"line":1,"column":209}},"1":{"start":{"line":2,"column":10},"end":{"line":2,"column":39}},"2":{"start":{"line":3,"column":0},"end":{"line":3,"column":20}},"3":{"start":{"line":4,"column":0},"end":{"line":4,"column":31}}},"fnMap":{},"branchMap":{},"s":{"0":1,"1":1,"2":1,"3":1},"f":{},"b":{},"_coverageSchema":"1a1c01bbd47fc00a2c39e90264f33305004495a9","hash":"a3b2661836dd95d28e0ad60a50d33311d7c5bded"}
,"F:\\Virtualbox\\weko_share_data\\github\\weko-react\\app-facet-search\\src\\test\\setup_jp.js": {"path":"F:\\Virtualbox\\weko_share_data\\github\\weko-react\\app-facet-search\\src\\test\\setup_jp.js","statementMap":{"0":{"start":{"line":1,"column":10},"end":{"line":1,"column":205}},"1":{"start":{"line":2,"column":10},"end":{"line":2,"column":39}},"2":{"start":{"line":3,"column":0},"end":{"line":3,"column":20}},"3":{"start":{"line":4,"column":0},"end":{"line":4,"column":31}}},"fnMap":{},"branchMap":{},"s":{"0":2,"1":2,"2":2,"3":2},"f":{},"b":{},"_coverageSchema":"1a1c01bbd47fc00a2c39e90264f33305004495a9","hash":"c786f7596e03add4ed75e25aac7576199142c213"}
}
