TN:
SF:src\App.js
FN:18,(anonymous_0)
FN:35,(anonymous_1)
FN:42,(anonymous_2)
FN:43,(anonymous_3)
FN:60,(anonymous_4)
FN:66,(anonymous_5)
FN:67,(anonymous_6)
FN:81,(anonymous_7)
FN:84,(anonymous_8)
FN:128,(anonymous_9)
FN:136,(anonymous_10)
FN:141,(anonymous_11)
FN:147,(anonymous_12)
FN:166,(anonymous_13)
FN:172,(anonymous_14)
FN:179,(anonymous_15)
FN:182,(anonymous_16)
FN:194,(anonymous_17)
FNF:18
FNH:18
FNDA:7,(anonymous_0)
FNDA:4,(anonymous_1)
FNDA:4,(anonymous_2)
FNDA:4,(anonymous_3)
FNDA:4,(anonymous_4)
FNDA:4,(anonymous_5)
FNDA:4,(anonymous_6)
FNDA:9,(anonymous_7)
FNDA:46,(anonymous_8)
FNDA:46,(anonymous_9)
FNDA:4,(anonymous_10)
FNDA:6,(anonymous_11)
FNDA:14,(anonymous_12)
FNDA:2,(anonymous_13)
FNDA:6,(anonymous_14)
FNDA:2,(anonymous_15)
FNDA:14,(anonymous_16)
FNDA:2,(anonymous_17)
DA:9,3
DA:10,3
DA:11,3
DA:12,3
DA:19,7
DA:20,4
DA:29,4
DA:30,4
DA:31,4
DA:32,4
DA:36,4
DA:37,4
DA:38,4
DA:39,4
DA:40,4
DA:41,4
DA:42,4
DA:44,4
DA:45,2
DA:46,2
DA:47,2
DA:48,2
DA:49,2
DA:51,4
DA:52,4
DA:53,4
DA:54,4
DA:55,4
DA:56,4
DA:62,4
DA:64,4
DA:65,4
DA:66,4
DA:68,4
DA:71,2
DA:73,2
DA:76,2
DA:82,9
DA:83,9
DA:84,8
DA:85,46
DA:86,46
DA:87,46
DA:88,46
DA:89,29
DA:90,29
DA:91,29
DA:93,29
DA:94,16
DA:95,16
DA:96,16
DA:97,16
DA:98,63
DA:99,63
DA:101,18
DA:102,18
DA:103,45
DA:105,9
DA:106,9
DA:110,29
DA:111,4
DA:113,4
DA:114,7
DA:116,7
DA:118,3
DA:119,3
DA:127,9
DA:128,9
DA:129,46
DA:130,4
DA:137,4
DA:138,4
DA:142,6
DA:143,6
DA:148,14
DA:149,14
DA:150,14
DA:151,14
DA:152,14
DA:153,14
DA:154,14
DA:166,3
DA:167,2
DA:172,3
DA:173,6
DA:174,5
DA:179,3
DA:180,2
DA:181,2
DA:182,2
DA:183,14
DA:184,14
DA:185,2
DA:186,2
DA:190,2
DA:194,3
DA:195,2
DA:196,2
DA:197,2
DA:198,2
DA:199,2
DA:200,2
DA:205,3
DA:206,3
DA:207,3
DA:208,3
DA:209,3
LF:107
LH:107
BRDA:44,0,0,2
BRDA:44,0,1,2
BRDA:64,1,0,2
BRDA:64,1,1,2
BRDA:68,2,0,2
BRDA:68,2,1,2
BRDA:71,3,0,1
BRDA:71,3,1,1
BRDA:71,4,0,2
BRDA:71,4,1,2
BRDA:71,4,2,1
BRDA:76,5,0,1
BRDA:76,5,1,1
BRDA:76,6,0,2
BRDA:76,6,1,2
BRDA:83,7,0,8
BRDA:83,7,1,1
BRDA:85,8,0,2
BRDA:85,8,1,44
BRDA:86,9,0,46
BRDA:86,9,1,1
BRDA:87,10,0,46
BRDA:87,10,1,17
BRDA:88,11,0,29
BRDA:88,11,1,17
BRDA:89,12,0,1
BRDA:89,12,1,28
BRDA:93,13,0,16
BRDA:93,13,1,13
BRDA:93,14,0,29
BRDA:93,14,1,25
BRDA:93,14,2,20
BRDA:99,15,0,18
BRDA:99,15,1,45
BRDA:99,16,0,63
BRDA:99,16,1,36
BRDA:99,16,2,20
BRDA:103,17,0,9
BRDA:103,17,1,36
BRDA:103,18,0,45
BRDA:103,18,1,27
BRDA:103,18,2,11
BRDA:110,19,0,4
BRDA:110,19,1,25
BRDA:116,20,0,3
BRDA:116,20,1,4
BRDA:116,21,0,7
BRDA:116,21,1,4
BRDA:129,22,0,4
BRDA:129,22,1,42
BRDA:145,23,0,6
BRDA:145,23,1,2
BRDA:173,24,0,5
BRDA:173,24,1,1
BRDA:184,25,0,2
BRDA:184,25,1,12
BRF:56
BRH:56
end_of_record
TN:
SF:src\components\RangeCheckboxList.jsx
FN:38,RangeCheckboxList
FN:54,(anonymous_1)
FN:94,(anonymous_2)
FN:96,(anonymous_3)
FN:122,(anonymous_4)
FN:144,closeModal
FN:156,openModal
FN:163,(anonymous_7)
FN:173,handleListChange
FN:175,(anonymous_9)
FN:188,handleModalListChange
FN:190,(anonymous_11)
FN:207,executeSearch
FN:210,(anonymous_13)
FNF:14
FNH:14
FNDA:10,RangeCheckboxList
FNDA:36,(anonymous_1)
FNDA:20,(anonymous_2)
FNDA:40,(anonymous_3)
FNDA:10,(anonymous_4)
FNDA:2,closeModal
FNDA:2,openModal
FNDA:4,(anonymous_7)
FNDA:2,handleListChange
FNDA:4,(anonymous_9)
FNDA:2,handleModalListChange
FNDA:4,(anonymous_11)
FNDA:4,executeSearch
FNDA:3,(anonymous_13)
DA:39,10
DA:42,10
DA:43,10
DA:54,10
DA:55,36
DA:57,16
DA:58,16
DA:70,20
DA:94,10
DA:95,20
DA:97,40
DA:98,36
DA:99,36
DA:100,36
DA:101,36
DA:122,10
DA:123,10
DA:145,2
DA:146,0
DA:148,2
DA:158,2
DA:159,0
DA:160,0
DA:162,2
DA:163,2
DA:165,4
DA:174,2
DA:175,2
DA:176,4
DA:177,2
DA:180,2
DA:181,2
DA:189,2
DA:190,2
DA:191,4
DA:192,1
DA:193,3
DA:194,0
DA:197,2
DA:198,2
DA:208,4
DA:210,4
DA:211,3
DA:213,4
DA:214,4
DA:215,4
DA:216,3
DA:218,1
DA:223,10
DA:224,10
DA:226,10
DA:227,10
LF:52
LH:48
BRDA:55,0,0,16
BRDA:55,0,1,20
BRDA:97,1,0,36
BRDA:97,1,1,4
BRDA:97,2,0,40
BRDA:97,2,1,20
BRDA:98,3,0,20
BRDA:98,3,1,16
BRDA:100,4,0,36
BRDA:100,4,1,10
BRDA:145,5,0,0
BRDA:145,5,1,2
BRDA:158,6,0,0
BRDA:158,6,1,2
BRDA:165,7,0,4
BRDA:165,7,1,0
BRDA:176,8,0,2
BRDA:176,8,1,2
BRDA:176,9,0,4
BRDA:176,9,1,0
BRDA:176,9,2,4
BRDA:176,9,3,4
BRDA:191,10,0,1
BRDA:191,10,1,3
BRDA:193,11,0,0
BRDA:193,11,1,3
BRDA:213,12,0,0
BRDA:213,12,1,4
BRDA:215,13,0,3
BRDA:215,13,1,1
BRDA:226,14,0,0
BRDA:226,14,1,10
BRDA:231,15,0,10
BRDA:231,15,1,4
BRF:34
BRH:27
end_of_record
TN:
SF:src\components\RangeFacet.jsx
FN:9,RangeFacet
FN:10,(anonymous_1)
FNF:2
FNH:2
FNDA:28,RangeFacet
FNDA:1,(anonymous_1)
DA:10,28
DA:11,28
DA:12,28
DA:13,28
DA:14,28
LF:5
LH:5
BRDA:12,0,0,3
BRDA:12,0,1,25
BRDA:19,1,0,28
BRDA:19,1,1,15
BRDA:24,2,0,28
BRDA:24,2,1,13
BRDA:33,3,0,28
BRDA:33,3,1,14
BRDA:33,3,2,3
BRDA:36,4,0,28
BRDA:36,4,1,14
BRDA:36,4,2,8
BRDA:39,5,0,28
BRDA:39,5,1,14
BRDA:39,5,2,3
BRF:15
BRH:15
end_of_record
TN:
SF:src\components\RangeSelect.jsx
FN:6,RangeSelect
FN:11,handleChange
FN:14,(anonymous_2)
FN:32,(anonymous_3)
FN:52,(anonymous_4)
FNF:5
FNH:5
FNDA:3,RangeSelect
FNDA:2,handleChange
FNDA:3,(anonymous_2)
FNDA:4,(anonymous_3)
FNDA:2,(anonymous_4)
DA:9,3
DA:12,2
DA:14,2
DA:15,3
DA:18,2
DA:19,2
DA:20,2
DA:21,1
DA:23,1
DA:27,3
DA:29,3
DA:30,3
DA:31,3
DA:32,2
DA:33,4
DA:37,4
DA:38,4
DA:39,1
DA:44,3
DA:53,2
LF:20
LH:20
BRDA:18,0,0,1
BRDA:18,0,1,1
BRDA:20,1,0,1
BRDA:20,1,1,1
BRDA:31,2,0,2
BRDA:31,2,1,1
BRDA:34,3,0,4
BRDA:34,3,1,4
BRDA:38,4,0,1
BRDA:38,4,1,3
BRDA:38,5,0,4
BRDA:38,5,1,2
BRF:12
BRH:12
end_of_record
TN:
SF:src\components\RangeSlider.jsx
FN:6,RangeSlider
FN:10,validateInputIsOk
FN:61,handleSlide
FN:71,handleGo
FN:95,(anonymous_4)
FN:117,(anonymous_5)
FN:137,(anonymous_6)
FN:143,(anonymous_7)
FNF:8
FNH:7
FNDA:10,RangeSlider
FNDA:6,validateInputIsOk
FNDA:0,handleSlide
FNDA:6,handleGo
FNDA:4,(anonymous_4)
FNDA:2,(anonymous_5)
FNDA:2,(anonymous_6)
FNDA:2,(anonymous_7)
DA:8,10
DA:11,6
DA:12,6
DA:15,6
DA:16,6
DA:17,6
DA:20,6
DA:21,1
DA:22,1
DA:24,1
DA:25,1
DA:27,1
DA:28,1
DA:31,5
DA:32,5
DA:33,5
DA:35,5
DA:37,1
DA:38,1
DA:40,1
DA:41,1
DA:43,1
DA:44,1
DA:48,4
DA:49,1
DA:50,1
DA:51,1
DA:52,1
DA:55,3
DA:56,3
DA:57,3
DA:58,3
DA:62,0
DA:63,0
DA:64,0
DA:66,0
DA:67,0
DA:72,6
DA:73,3
DA:75,3
DA:77,3
DA:78,3
DA:79,3
DA:80,2
DA:82,1
DA:86,10
DA:88,10
DA:89,10
DA:90,10
DA:91,9
DA:92,9
DA:93,9
DA:94,1
DA:95,1
DA:97,4
DA:98,4
DA:99,4
DA:100,1
DA:102,4
DA:103,4
DA:108,10
DA:110,10
DA:111,10
DA:112,10
DA:113,10
DA:114,10
DA:115,10
DA:117,10
DA:119,2
DA:120,2
DA:121,2
DA:122,2
DA:123,2
DA:124,2
DA:126,10
DA:128,10
DA:137,2
DA:143,2
LF:78
LH:73
BRDA:20,0,0,1
BRDA:20,0,1,5
BRDA:20,1,0,6
BRDA:20,1,1,5
BRDA:21,2,0,1
BRDA:21,2,1,0
BRDA:24,3,0,1
BRDA:24,3,1,0
BRDA:35,4,0,1
BRDA:35,4,1,4
BRDA:35,5,0,5
BRDA:35,5,1,4
BRDA:35,5,2,4
BRDA:35,5,3,4
BRDA:37,6,0,1
BRDA:37,6,1,0
BRDA:37,7,0,1
BRDA:37,7,1,0
BRDA:40,8,0,1
BRDA:40,8,1,0
BRDA:40,9,0,1
BRDA:40,9,1,0
BRDA:48,10,0,1
BRDA:48,10,1,3
BRDA:63,11,0,0
BRDA:63,11,1,0
BRDA:66,12,0,0
BRDA:66,12,1,0
BRDA:72,13,0,3
BRDA:72,13,1,3
BRDA:77,14,0,1
BRDA:77,14,1,2
BRDA:79,15,0,2
BRDA:79,15,1,1
BRDA:90,16,0,9
BRDA:90,16,1,1
BRDA:94,17,0,1
BRDA:94,17,1,0
BRDA:97,18,0,4
BRDA:97,18,1,0
BRDA:99,19,0,1
BRDA:99,19,1,3
BRDA:99,20,0,4
BRDA:99,20,1,3
BRDA:102,21,0,4
BRDA:102,21,1,0
BRDA:102,22,0,4
BRDA:102,22,1,3
BRF:48
BRH:35
end_of_record
TN:
SF:src\test\setup_en.js
FNF:0
FNH:0
DA:1,1
DA:2,1
DA:3,1
DA:4,1
LF:4
LH:4
BRF:0
BRH:0
end_of_record
TN:
SF:src\test\setup_jp.js
FNF:0
FNH:0
DA:1,2
DA:2,2
DA:3,2
DA:4,2
LF:4
LH:4
BRF:0
BRH:0
end_of_record
